[debug] [2018-05-28T04:41:31.970Z] ----------------------------------------------------------------------
[debug] [2018-05-28T04:41:31.972Z] Command:       /usr/local/Cellar/node/9.2.1/bin/node /usr/local/bin/firebase serve --only functions
[debug] [2018-05-28T04:41:31.972Z] CLI Version:   3.18.4
[debug] [2018-05-28T04:41:31.972Z] Platform:      darwin
[debug] [2018-05-28T04:41:31.972Z] Node Version:  v8.9.3
[debug] [2018-05-28T04:41:31.973Z] Time:          Sun May 27 2018 23:41:31 GMT-0500 (CDT)
[debug] [2018-05-28T04:41:31.974Z] ----------------------------------------------------------------------
[debug] 
[debug] [2018-05-28T04:41:31.990Z] > command requires scopes: ["email","openid","https://www.googleapis.com/auth/cloudplatformprojects.readonly","https://www.googleapis.com/auth/firebase","https://www.googleapis.com/auth/cloud-platform"]
[debug] [2018-05-28T04:41:31.990Z] > authorizing via signed-in user
[debug] [2018-05-28T04:41:31.993Z] >>> HTTP REQUEST GET https://admin.firebase.com/v1/projects/moniker-app  
  
 Sun May 27 2018 23:41:31 GMT-0500 (CDT)
[debug] [2018-05-28T04:41:32.443Z] <<< HTTP RESPONSE 200
[debug] [2018-05-28T04:41:32.444Z] >>> HTTP REQUEST GET https://admin.firebase.com/v1/database/moniker-app/tokens  
  
 Sun May 27 2018 23:41:32 GMT-0500 (CDT)
[debug] [2018-05-28T04:41:32.831Z] <<< HTTP RESPONSE 200
[debug] [2018-05-28T04:41:32.833Z] >>> HTTP REQUEST GET https://cloudresourcemanager.googleapis.com/v1/projects/moniker-app  
  
 Sun May 27 2018 23:41:32 GMT-0500 (CDT)
[debug] [2018-05-28T04:41:33.056Z] <<< HTTP RESPONSE 200
[info] 
[info] === Serving from '/Users/codingmatty/Projects/short-source'...
[info] 
[info] i  functions: Preparing to emulate functions.
[debug] [2018-05-28T04:41:33.920Z] Fetching environment
[debug] [2018-05-28T04:41:33.921Z] >>> HTTP REQUEST GET https://mobilesdk-pa.googleapis.com/v1/projects/5433795506:getServerAppConfig  
  
 Sun May 27 2018 23:41:33 GMT-0500 (CDT)
[debug] [2018-05-28T04:41:34.253Z] <<< HTTP RESPONSE 200
[debug] [2018-05-28T04:41:34.254Z] Starting @google-cloud/functions-emulator
[debug] [2018-05-28T04:41:35.814Z] Parsing function triggers
[warn] ⚠  functions: Error from emulator. [object Object]
[debug] [2018-05-28T04:41:42.235Z] 
